<?xml version="1.0" encoding="UTF-8"?>
<!-- Generated by org.testng.reporters.JUnitReportReporter -->
<testsuite hostname="DELL" failures="0" tests="1" name="Rest_Assured_Testing.PUT_Request" time="3.485" errors="0" timestamp="27 Nov 2022 16:50:15 GMT">
  <testcase classname="Rest_Assured_Testing.PUT_Request" name="PUT_Test" time="3.485"/>
</testsuite> <!-- Rest_Assured_Testing.PUT_Request -->
