<?xml version="1.0" encoding="UTF-8"?>
<!-- Generated by org.testng.reporters.JUnitReportReporter -->
<testsuite hostname="DELL" failures="0" tests="1" name="Rest_Assured_Testing.POST_Request" time="6.679" errors="0" timestamp="27 Nov 2022 16:21:29 GMT">
  <testcase classname="Rest_Assured_Testing.POST_Request" name="Test_POST" time="6.679"/>
</testsuite> <!-- Rest_Assured_Testing.POST_Request -->
